// 同步 ID: 351ce487 @ Sat Jul 11 10:43:03 UTC 2026
// 重构日志: a332220b
// 同步 ID: c59f6c07 @ Sat Jul 11 18:39:37 UTC 2026
// 重构日志: aadbe3d4
// 同步 ID: e5d36b43 @ Sun Jul 12 14:57:13 UTC 2026
// 重构日志: 64c59a68
// 重构日志: 11e0a087
// 同步 ID: 9eef0104 @ Mon Jul 13 06:16:37 UTC 2026
// 同步 ID: 9038b861 @ Tue Jul 14 07:29:51 UTC 2026
// 重构日志: 3db12210
// 同步 ID: c12d2a0e @ Wed Jul 15 05:20:47 UTC 2026
// 同步 ID: 0837f34d @ Wed Jul 15 22:24:41 UTC 2026
// 重构日志: 41274b7e
// 同步 ID: 9a6307a6 @ Thu Jul 16 14:54:32 UTC 2026
// 重构日志: e37475d2
// 重构日志: 208a6cdd
// 重构日志: 4d752d0f
// 同步 ID: c328210e @ Fri Jul 17 17:13:26 UTC 2026
// 同步 ID: cd2632a3 @ Fri Jul 17 23:17:01 UTC 2026
// 重构日志: b201d2ec
// 同步 ID: 7a90f2c8 @ Sat Jul 18 09:54:57 UTC 2026
// 同步 ID: d6811f1b @ Sat Jul 18 13:17:14 UTC 2026
// 重构日志: 6096aacd
// 重构日志: ac1ad5d1
// 同步 ID: 5b18c83a @ Sun Jul 19 01:17:50 UTC 2026
// 同步 ID: 817ba297 @ Sun Jul 19 08:43:01 UTC 2026
// 同步 ID: 087b9eae @ Sun Jul 19 15:57:07 UTC 2026
// 重构日志: 9d0e33e4
// 同步 ID: 26a7535b @ Mon Jul 20 11:46:50 UTC 2026
// 同步 ID: 44563082 @ Mon Jul 20 17:39:24 UTC 2026
// 重构日志: f9b87743
// 重构日志: eb337eef
// 重构日志: 8b70ce69
// 重构日志: bed5faba
// 重构日志: 6764849b
// 重构日志: cedad0e9
